<?xml version="1.0" encoding="UTF-8"?>
<!-- Generated by org.testng.reporters.JUnitReportReporter -->
<testsuite name="com.ivymobility.testcases.SalesOrder_Create" tests="1" time="8.744" ignored="0" failures="0" timestamp="25 Dec 2019 04:59:21 GMT" skipped="0" hostname="LT-1305" errors="0">
  <testcase name="SalesOrder" time="8.744" classname="com.ivymobility.testcases.SalesOrder_Create"/>
</testsuite> <!-- com.ivymobility.testcases.SalesOrder_Create -->
