<?xml version="1.0" encoding="UTF-8"?>
<!-- Generated by org.testng.reporters.JUnitReportReporter -->
<testsuite name="com.ivymobility.testcases.GRN_Acceptance_TC" tests="1" time="4.833" ignored="0" failures="0" timestamp="05 Dec 2019 12:11:56 GMT" skipped="0" hostname="LT-1305" errors="0">
  <testcase name="GRN_Acceptance_TC" time="4.833" classname="com.ivymobility.testcases.GRN_Acceptance_TC"/>
</testsuite> <!-- com.ivymobility.testcases.GRN_Acceptance_TC -->
