<?xml version="1.0" encoding="UTF-8"?>
<!-- Generated by org.testng.reporters.JUnitReportReporter -->
<testsuite name="com.ivymobility.testcases.GRN_Creation" tests="1" time="10.894" ignored="0" failures="0" timestamp="13 Dec 2019 06:23:13 GMT" skipped="0" hostname="LT-1305" errors="0">
  <testcase name="GRN_Creatio" time="10.894" classname="com.ivymobility.testcases.GRN_Creation"/>
</testsuite> <!-- com.ivymobility.testcases.GRN_Creation -->
