<?xml version="1.0" encoding="UTF-8"?>
<!-- Generated by org.testng.reporters.JUnitReportReporter -->
<testsuite name="com.ivymobility.testcases.SalesOrder_Create" tests="1" time="0.972" ignored="0" failures="1" timestamp="19 Dec 2019 05:07:04 GMT" skipped="0" hostname="LT-1305" errors="0">
  <testcase name="SalesOrder" time="0.972" classname="com.ivymobility.testcases.SalesOrder_Create">
    <failure type="java.lang.AssertionError" message="The Element is not available in the WebPage:::::[[ChromeDriver: chrome on XP (fcb6d4d4619901865ac907771b777940)] -&gt; id: SalesPerson]">
      <![CDATA[java.lang.AssertionError: The Element is not available in the WebPage:::::[[ChromeDriver: chrome on XP (fcb6d4d4619901865ac907771b777940)] -> id: SalesPerson]
	at org.testng.Assert.fail(Assert.java:94)
	at com.ivymobility.utility.Functions.commonClick(Functions.java:58)
	at com.ivymobility.pages.SalesOrder_Create_Page.OrderCreate(SalesOrder_Create_Page.java:56)
	at com.ivymobility.testcases.SalesOrder_Create.SalesOrder(SalesOrder_Create.java:27)
	at sun.reflect.NativeMethodAccessorImpl.invoke0(Native Method)
	at sun.reflect.NativeMethodAccessorImpl.invoke(Unknown Source)
	at sun.reflect.DelegatingMethodAccessorImpl.invoke(Unknown Source)
	at java.lang.reflect.Method.invoke(Unknown Source)
	at org.testng.internal.MethodInvocationHelper.invokeMethod(MethodInvocationHelper.java:104)
	at org.testng.internal.Invoker.invokeMethod(Invoker.java:645)
	at org.testng.internal.Invoker.invokeTestMethod(Invoker.java:851)
	at org.testng.internal.Invoker.invokeTestMethods(Invoker.java:1177)
	at org.testng.internal.TestMethodWorker.invokeTestMethods(TestMethodWorker.java:129)
	at org.testng.internal.TestMethodWorker.run(TestMethodWorker.java:112)
	at org.testng.TestRunner.privateRun(TestRunner.java:756)
	at org.testng.TestRunner.run(TestRunner.java:610)
	at org.testng.SuiteRunner.runTest(SuiteRunner.java:387)
	at org.testng.SuiteRunner.runSequentially(SuiteRunner.java:382)
	at org.testng.SuiteRunner.privateRun(SuiteRunner.java:340)
	at org.testng.SuiteRunner.run(SuiteRunner.java:289)
	at org.testng.SuiteRunnerWorker.runSuite(SuiteRunnerWorker.java:52)
	at org.testng.SuiteRunnerWorker.run(SuiteRunnerWorker.java:86)
	at org.testng.TestNG.runSuitesSequentially(TestNG.java:1293)
	at org.testng.TestNG.runSuitesLocally(TestNG.java:1218)
	at org.testng.TestNG.runSuites(TestNG.java:1133)
	at org.testng.TestNG.run(TestNG.java:1104)
	at org.testng.remote.AbstractRemoteTestNG.run(AbstractRemoteTestNG.java:115)
	at org.testng.remote.RemoteTestNG.initAndRun(RemoteTestNG.java:251)
	at org.testng.remote.RemoteTestNG.main(RemoteTestNG.java:77)
]]>
    </failure>
  </testcase> <!-- SalesOrder -->
</testsuite> <!-- com.ivymobility.testcases.SalesOrder_Create -->
